DEB>> The file ./PSP/LDA_GTH/01h.pspgth exists!
ERR>> Unable to parse fileName = /home/yannick/abinit/7.7.2-private/tests/bigdft/Input/t05.in.
ERR>> Error = \home\yannick\abinit\7.7.2-private\tests\bigdft\Input\t05.in (Le chemin d’accès spécifié est introuvable).
DEB>> The file ./PSP/LDA_TM.psps/14/14si.pspnc exists!
OUT>> Writing inside ./test3.in1.aims latticevect = lattice_vector	0.0	2.703301973849535	2.703301973849535	.
OUT>> Writing inside ./test3.in1.aims latticevect = lattice_vector	2.703301973849535	0.0	2.703301973849535	.
OUT>> Writing inside ./test3.in1.aims latticevect = lattice_vector	2.703301973849535	2.703301973849535	0.0	.
OUT>> Trying to connect ...
OUT>> Connecting to hall.cism.ucl.ac.be as ygillet.
DEB>> localhost:2568 -> manneback.cism.ucl.ac.be:22
OUT>> Connected to hall.cism.ucl.ac.be as ygillet.
OUT>> Connecting to manneback.cism.ucl.ac.be as ygillet.
DEB>> X11 Cookie: null
OUT>> Connected to manneback.cism.ucl.ac.be as ygillet.
DEB>> The remote directory `./MySims' exists!
DEB>> The remote directory `./MySims/input' exists!
DEB>> The remote directory `./MySims/output' exists!
DEB>> The remote directory `./MySims/wholedata' exists!
DEB>> The remote directory `./MySims/logfiles' exists!
DEB>> The remote directory `./MySims/pseudopot' exists!
DEB>> The remote directory `./MySims/scripts' exists!
OUT>> Succes: mkdir ./MySims.
OUT>> Succes: mkdir ./MySims/input.
OUT>> Succes: mkdir ./MySims/output.
OUT>> Succes: mkdir ./MySims/wholedata.
OUT>> Succes: mkdir ./MySims/logfiles.
OUT>> Succes: mkdir ./MySims/pseudopot.
OUT>> Succes: mkdir ./MySims/scripts.
OUT>> Succes: pwd => /home/users/y/g/ygillet.
DEB>> File ./test3.in was uploaded in 0,33 s.
OUT>> Succes: scp ./test3.in ./MySims/input/test3.in => .
OUT>> Succes: dos2unix ./MySims/input/test3.in => .
ERR>> https:\gui.abinit.org\PSPS\NC_LDA_TM\Si\14si.pspnc (La syntaxe du nom de fichier, de répertoire ou de volume est incorrecte)
ERR>> Error (RetVal = -1): java.io.FileNotFoundException: https:\gui.abinit.org\PSPS\NC_LDA_TM\Si\14si.pspnc (La syntaxe du nom de fichier, de répertoire ou de volume est incorrecte)
ERR>> Error: java.io.FileNotFoundException: https:\gui.abinit.org\PSPS\NC_LDA_TM\Si\14si.pspnc (La syntaxe du nom de fichier, de répertoire ou de volume est incorrecte) !
DEB>> File ./MySims\test3.files was uploaded in 0,31 s.
OUT>> Succes: scp ./MySims\test3.files ./MySims/test3.files => .
DEB>> The remote directory `./MySims/wholedata/test3' exists!
DEB>> File ./MySims\test3.SLURM.sh was uploaded in 0,32 s.
OUT>> Succes: scp ./MySims\test3.SLURM.sh ./MySims/test3.SLURM.sh => .
OUT>> Succes: dos2unix ./MySims/test3.SLURM.sh => .
OUT>> Succes: sbatch ./MySims/test3.SLURM.sh => Submitted batch job 1092092.
OUT>> The simulation was submitted to the remote Abinit machine Manneback.
OUT>> The submission thread ended successfully! (Abinit)
