OUT>> Connecting to hall.cism.ucl.ac.be as ygillet.
DEB>> localhost:2568 -> manneback.cism.ucl.ac.be:22
OUT>> Connected to hall.cism.ucl.ac.be as ygillet.
OUT>> Connecting to manneback.cism.ucl.ac.be as ygillet.
OUT>> Connected to manneback.cism.ucl.ac.be as ygillet.
DEB>> The local directory `./MySims' exists !
OUT>> Succes: mkdir ./MySims/input.
OUT>> Succes: mkdir ./MySims/output.
OUT>> Succes: mkdir ./MySims/wholedata.
DEB>> The local directory `./MySims/logfiles' exists !
OUT>> Succes: mkdir ./MySims/pseudopot.
OUT>> Succes: mkdir ./MySims/scripts.
OUT>> Succes: ls ./MySims/output/test1.out*
OUT>> File = ./MySims/output/test1.out
DEB>> File ./MySims/output/test1.out was downloaded in 0,33 s
OUT>> Succes: scp ./MySims/output/test1.out ./MySims/output/test1.out => .
OUT>> Succes: gedit ./MySims/output/test1.out => .
DEB>> The local directory `./MySims' exists !
DEB>> The local directory `./MySims/input' exists !
DEB>> The local directory `./MySims/output' exists !
DEB>> The local directory `./MySims/wholedata' exists !
DEB>> The local directory `./MySims/logfiles' exists !
DEB>> The local directory `./MySims/pseudopot' exists !
DEB>> The local directory `./MySims/scripts' exists !
OUT>> Succes: ls ./MySims/output/test3.out*
OUT>> File = ./MySims/output/test3.out
DEB>> File ./MySims/output/test3.out was downloaded in 0,39 s
OUT>> Succes: scp ./MySims/output/test3.out ./MySims/output/test3.out => .
OUT>> Succes: gedit ./MySims/output/test3.out => .
DEB>> The local directory `./MySims' exists !
DEB>> The local directory `./MySims/input' exists !
DEB>> The local directory `./MySims/output' exists !
DEB>> The local directory `./MySims/wholedata' exists !
DEB>> The local directory `./MySims/logfiles' exists !
DEB>> The local directory `./MySims/pseudopot' exists !
DEB>> The local directory `./MySims/scripts' exists !
DEB>> File ./MySims/logfiles/test3.log was downloaded in 0,39 s
OUT>> Succes: scp ./MySims/logfiles/test3.log ./MySims/logfiles/test3.log => .
OUT>> Succes: gedit ./MySims/logfiles/test3.log => .
ERR>> Please select a machine first !
ERR>> Please select a machine !
OUT>> You are now disconnected!
ERR>> Please select a machine first !
ERR>> Please select a machine !
OUT>> You are now disconnected!
OUT>> Connecting to hall.cism.ucl.ac.be as ygillet.
DEB>> localhost:2569 -> lemaitre2.cism.ucl.ac.be:22
OUT>> Connected to hall.cism.ucl.ac.be as ygillet.
OUT>> Connecting to lemaitre2.cism.ucl.ac.be as ygillet.
OUT>> Connected to lemaitre2.cism.ucl.ac.be as ygillet.
ERR>> Please select a machine first
DEB>> The local directory `./MySims' exists !
DEB>> The local directory `./MySims/input' exists !
DEB>> The local directory `./MySims/output' exists !
DEB>> The local directory `./MySims/wholedata' exists !
DEB>> The local directory `./MySims/logfiles' exists !
DEB>> The local directory `./MySims/pseudopot' exists !
DEB>> The local directory `./MySims/scripts' exists !
OUT>> PWD: /home/yannick/NetBeansProjects/abinitgui
OUT>> Script output : 
Got varConv, arg: ecut
Got varOut, arg: etotal
Got inputFile, arg: ./MySims/output/test2.out
Got outputfile, arg: output.txt
Will read file : ./MySims/output/test2.out and look for : etotal vs ecut
DEB>> bash ./MySims/scripts/getInfo.sh --varConv 'ecut' --varOut 'etotal' --inputFile './MySims/output/test2.out' --outputFile 'output.txt'
OUT>> Trying to open file : output.txt
DEB>> The local directory `./MySims' exists !
DEB>> The local directory `./MySims/input' exists !
DEB>> The local directory `./MySims/output' exists !
DEB>> The local directory `./MySims/wholedata' exists !
DEB>> The local directory `./MySims/logfiles' exists !
DEB>> The local directory `./MySims/pseudopot' exists !
DEB>> The local directory `./MySims/scripts' exists !
OUT>> PWD: /home/yannick/NetBeansProjects/abinitgui
OUT>> Script output : 
Got varConv, arg: ecut
Got varOut, arg: etotal
Got inputFile, arg: ./MySims/output/test3.out
Got outputfile, arg: output.txt
Will read file : ./MySims/output/test3.out and look for : etotal vs ecut
DEB>> bash ./MySims/scripts/getInfo.sh --varConv 'ecut' --varOut 'etotal' --inputFile './MySims/output/test3.out' --outputFile 'output.txt'
OUT>> Trying to open file : output.txt
DEB>> The local directory `./MySims' exists !
DEB>> The local directory `./MySims/input' exists !
DEB>> The local directory `./MySims/output' exists !
DEB>> The local directory `./MySims/wholedata' exists !
DEB>> The local directory `./MySims/logfiles' exists !
DEB>> The local directory `./MySims/pseudopot' exists !
DEB>> The local directory `./MySims/scripts' exists !
OUT>> PWD: /home/yannick/NetBeansProjects/abinitgui
OUT>> Script output : 

=========================================
 AbinitBandStructureMaker.py version 1.3
=========================================

2 dataset(s) detected

"test3.dbs" file created successfully

DEB>> python ./MySims/scripts/AbinitBandStructureMaker.py --abinitoutput './MySims/output/test3.out' --idtset '2' --outputFile 'test3.dbs'
OUT>> Trying to open file : test3.dbs
DEB>> The local directory `./MySims' exists !
DEB>> The local directory `./MySims/input' exists !
DEB>> The local directory `./MySims/output' exists !
DEB>> The local directory `./MySims/wholedata' exists !
DEB>> The local directory `./MySims/logfiles' exists !
DEB>> The local directory `./MySims/pseudopot' exists !
DEB>> The local directory `./MySims/scripts' exists !
OUT>> PWD: /home/yannick/NetBeansProjects/abinitgui
OUT>> Script output : 

=========================================
 AbinitBandStructureMaker.py version 1.3
=========================================

"test3.agr" file created successfully

DEB>> python ./MySims/scripts/AbinitBandStructureMaker.py --abinitoutput './test3.dbs' --autolaunch 'no' --outputFile 'test3.agr' --outputIMG 'test3.png'
OUT>> Trying to open file : test3.agr
OUT>> Trying to open file : test3.png
OUT>> You are now disconnected!
OUT>> Connecting to hall.cism.ucl.ac.be as ygillet.
DEB>> localhost:2570 -> manneback.cism.ucl.ac.be:22
OUT>> Connected to hall.cism.ucl.ac.be as ygillet.
OUT>> Connecting to manneback.cism.ucl.ac.be as ygillet.
OUT>> Connected to manneback.cism.ucl.ac.be as ygillet.
DEB>> Private key file: is passphrase protected
DEB>> SFTP authentication method name: publickey
