/home/yannick/NetBeansProjects/abinitgui/Tight-Binding_src/BS
               1     TUBE PERP                                           
 Tight-binding on-site energy for diamond-like carbon                    
   1 ATOMIC TYPE(S) PER CELL
 ON-SITE ENERGIES   ------- p -------      ---------------- d -----------------
            s       x       y       z      xy      yz      zx     x2-y2  3z2-r2
  C       -5.49    0.00    0.00    0.00
  
 A1 =   2.4595   0.0000   0.0000
 TYPE  *   RADIUS    CRYSTALLOGRAPHIC SITE(S)
 nq          24
 test           1           1           1  C  
 test ok
  C   24   1.00000   0.00000   1.39837   3.83668
 test           2           1           1  C  
 test ok
                     1.22976   2.04178   3.53647
 test           3           1           1  C  
 test ok
                     1.22976   3.12936   2.62347
 test           4           1           1  C  
 test ok
                     0.00000   3.53647   2.04178
 test           5           1           1  C  
 test ok
                     0.00000   4.02184   0.70731
 test           6           1           1  C  
 test ok
                     1.22976   4.08357   0.00000
 test           7           1           1  C  
 test ok
                     1.22976   3.83668  -1.39837
 test           8           1           1  C  
 test ok
                     0.00000   3.53647  -2.04178
 test           9           1           1  C  
 test ok
                     0.00000   2.62347  -3.12936
 test          10           1           1  C  
 test ok
                     1.22976   2.04178  -3.53647
 test          11           1           1  C  
 test ok
                     1.22976   0.70731  -4.02184
 test          12           1           1  C  
 test ok
                     0.00000   0.00000  -4.08357
 test          13           1           1  C  
 test ok
                     0.00000  -1.39837  -3.83668
 test          14           1           1  C  
 test ok
                     1.22976  -2.04178  -3.53647
 test          15           1           1  C  
 test ok
                     1.22976  -3.12936  -2.62347
 test          16           1           1  C  
 test ok
                     0.00000  -3.53647  -2.04178
 test          17           1           1  C  
 test ok
                     0.00000  -4.02184  -0.70731
 test          18           1           1  C  
 test ok
                     1.22976  -4.08357   0.00000
 test          19           1           1  C  
 test ok
                     1.22976  -3.83667   1.39837
 test          20           1           1  C  
 test ok
                     0.00000  -3.53647   2.04179
 test          21           1           1  C  
 test ok
                     0.00000  -2.62347   3.12936
 test          22           1           1  C  
 test ok
                     1.22976  -2.04178   3.53647
 test          23           1           1  C  
 test ok
                     1.22976  -0.70731   4.02184
 test          24           1           1  C  
 test ok
                     0.00000   0.00000   4.08357
 M, ISTOP          24           0
 -------
 TOT  24           96.0 ELECTRON(S) PER CELL

 TABLE OF BONDS CONNECTING ATOMS AND THEIR DISTANCES
  C   ( 1)  3 :    C   ( 2)  1.42    C   ( 2)  1.42    C   (24)  1.42
  C   ( 2)  3 :    C   ( 1)  1.42    C   ( 1)  1.42    C   ( 3)  1.42
  C   ( 3)  3 :    C   ( 2)  1.42    C   ( 4)  1.42    C   ( 4)  1.42
  C   ( 4)  3 :    C   ( 3)  1.42    C   ( 3)  1.42    C   ( 5)  1.42
  C   ( 5)  3 :    C   ( 4)  1.42    C   ( 6)  1.42    C   ( 6)  1.42
  C   ( 6)  3 :    C   ( 5)  1.42    C   ( 5)  1.42    C   ( 7)  1.42
  C   ( 7)  3 :    C   ( 6)  1.42    C   ( 8)  1.42    C   ( 8)  1.42
  C   ( 8)  3 :    C   ( 7)  1.42    C   ( 7)  1.42    C   ( 9)  1.42
  C   ( 9)  3 :    C   ( 8)  1.42    C   (10)  1.42    C   (10)  1.42
  C   (10)  3 :    C   ( 9)  1.42    C   ( 9)  1.42    C   (11)  1.42
  C   (11)  3 :    C   (10)  1.42    C   (12)  1.42    C   (12)  1.42
  C   (12)  3 :    C   (11)  1.42    C   (11)  1.42    C   (13)  1.42
  C   (13)  3 :    C   (12)  1.42    C   (14)  1.42    C   (14)  1.42
  C   (14)  3 :    C   (13)  1.42    C   (13)  1.42    C   (15)  1.42
  C   (15)  3 :    C   (14)  1.42    C   (16)  1.42    C   (16)  1.42
  C   (16)  3 :    C   (15)  1.42    C   (15)  1.42    C   (17)  1.42
  C   (17)  3 :    C   (16)  1.42    C   (18)  1.42    C   (18)  1.42
  C   (18)  3 :    C   (17)  1.42    C   (17)  1.42    C   (19)  1.42
  C   (19)  3 :    C   (18)  1.42    C   (20)  1.42    C   (20)  1.42
  C   (20)  3 :    C   (19)  1.42    C   (19)  1.42    C   (21)  1.42
  C   (21)  3 :    C   (20)  1.42    C   (22)  1.42    C   (22)  1.42
  C   (22)  3 :    C   (21)  1.42    C   (21)  1.42    C   (23)  1.42
  C   (23)  3 :    C   (22)  1.42    C   (24)  1.42    C   (24)  1.42
  C   (24)  3 :    C   ( 1)  1.42    C   (23)  1.42    C   (23)  1.42
               1     TUBE PERP                                           
 isize,idim           1        1300
 isize,idim           2        1300
 isize,idim           3        1300
 isize,idim           4        1300
 isize,idim           5        1300
 isize,idim           6        1300
 isize,idim           7        1300
 isize,idim           8        1300
 isize,idim           9        1300
 isize,idim          10        1300
 isize,idim          11        1300
 isize,idim          12        1300
 isize,idim          13        1300
 isize,idim          14        1300
 isize,idim          15        1300
 isize,idim          16        1300
 isize,idim          17        1300
 isize,idim          18        1300
 isize,idim          19        1300
 isize,idim          20        1300
 isize,idim          21        1300
 isize,idim          22        1300
 isize,idim          23        1300
 isize,idim          24        1300
 isize,idim          25        1300
 isize,idim          26        1300
 isize,idim          27        1300
 isize,idim          28        1300
 isize,idim          29        1300
 isize,idim          30        1300
 isize,idim          31        1300
 isize,idim          32        1300
 isize,idim          33        1300
 isize,idim          34        1300
 isize,idim          35        1300
 isize,idim          36        1300
 isize,idim          37        1300
 isize,idim          38        1300
 isize,idim          39        1300
 isize,idim          40        1300
 isize,idim          41        1300
 isize,idim          42        1300
 isize,idim          43        1300
 isize,idim          44        1300
 isize,idim          45        1300
 isize,idim          46        1300
 isize,idim          47        1300
 isize,idim          48        1300
 isize,idim          49        1300
 isize,idim          50        1300
 isize,idim          51        1300
 isize,idim          52        1300
 isize,idim          53        1300
 isize,idim          54        1300
 isize,idim          55        1300
 isize,idim          56        1300
 isize,idim          57        1300
 isize,idim          58        1300
 isize,idim          59        1300
 isize,idim          60        1300
 isize,idim          61        1300
 isize,idim          62        1300
 isize,idim          63        1300
 isize,idim          64        1300
 isize,idim          65        1300
 isize,idim          66        1300
 isize,idim          67        1300
 isize,idim          68        1300
 isize,idim          69        1300
 isize,idim          70        1300
 isize,idim          71        1300
 isize,idim          72        1300
 isize,idim          73        1300
 isize,idim          74        1300
 isize,idim          75        1300
 isize,idim          76        1300
 isize,idim          77        1300
 isize,idim          78        1300
 isize,idim          79        1300
 isize,idim          80        1300
 isize,idim          81        1300
 isize,idim          82        1300
 isize,idim          83        1300
 isize,idim          84        1300
 isize,idim          85        1300
 isize,idim          86        1300
 isize,idim          87        1300
 isize,idim          88        1300
 isize,idim          89        1300
 isize,idim          90        1300
 isize,idim          91        1300
 isize,idim          92        1300
 isize,idim          93        1300
 isize,idim          94        1300
 isize,idim          95        1300
 isize,idim          96        1300
 TYPE  *    ORBITALS
  C   24    4   sp
 ------------
 TOT. 24   96    96.0 ELECTRON(S)/CELL

 START BAND-STRUCTURE CALCULATION,   71 K-POINT(S)
 THERE WILL BE NO OUTPUT IN FILE "CHARTR"

 KPT     1 ,   K =   0.00000   0.00000   0.00000
      -7.4392   -7.2356   -7.2356   -6.6500   -6.6500   -5.7660   -5.7660
      -5.4900   -5.4900   -5.4900   -5.4900   -5.4900   -5.4900   -5.4900
      -5.4900   -5.4900   -5.4900   -5.4900   -5.4900   -5.4900   -5.4900
      -5.4900   -5.4900   -5.4900   -5.4900   -5.4900   -5.4900   -5.4900
      -5.4900   -5.4900   -5.4900   -4.7810   -4.7808   -4.1492   -4.1492
      -4.0146   -3.7861   -3.6717   -3.6717   -3.6530   -3.6493   -3.6492
      -3.6353   -3.6352   -3.5976   -3.5976   -3.4763   -3.4762   -3.3390
      -3.3390   -3.0807   -3.0807   -2.8220   -2.8220   -2.7525   -2.1859
      -2.1859   -1.5641   -1.5641   -1.2621    1.2621    1.5641    1.5641
       2.1859    2.1859    2.7525    2.8220    2.8220    3.0807    3.0807
       3.3390    3.3390    3.4762    3.4763    3.5976    3.5976    3.6352
       3.6353    3.6492    3.6493    3.6530    3.6717    3.6717    3.7861
       4.0146    4.1492    4.1492    4.7808    4.7810    5.7660    5.7660
       6.6500    6.6500    7.2356    7.2356    7.4392

 KPT     2 ,   K =   0.00998   0.00000   0.00000
      -7.4388   -7.2353   -7.2353   -6.6496   -6.6496   -5.7656   -5.7656
      -5.4900   -5.4900   -5.4900   -5.4900   -5.4900   -5.4900   -5.4900
      -5.4900   -5.4900   -5.4900   -5.4900   -5.4900   -5.4900   -5.4900
      -5.4900   -5.4900   -5.4900   -5.4900   -5.4900   -5.4900   -5.4900
      -5.4900   -5.4900   -5.4900   -4.7807   -4.7806   -4.1491   -4.1491
      -4.0145   -3.7861   -3.6725   -3.6725   -3.6528   -3.6482   -3.6482
      -3.6354   -3.6353   -3.5976   -3.5976   -3.4762   -3.4761   -3.3388
      -3.3388   -3.0804   -3.0804   -2.8218   -2.8218   -2.7521   -2.1858
      -2.1858   -1.5640   -1.5640   -1.2619    1.2619    1.5640    1.5640
       2.1858    2.1858    2.7521    2.8218    2.8218    3.0804    3.0804
       3.3388    3.3388    3.4761    3.4762    3.5976    3.5976    3.6353
       3.6354    3.6482    3.6482    3.6528    3.6725    3.6725    3.7861
       4.0145    4.1491    4.1491    4.7806    4.7807    5.7656    5.7656
       6.6496    6.6496    7.2353    7.2353    7.4388

 KPT     3 ,   K =   0.01996   0.00000   0.00000
      -7.4376   -7.2342   -7.2342   -6.6486   -6.6485   -5.7646   -5.7646
      -5.4900   -5.4900   -5.4900   -5.4900   -5.4900   -5.4900   -5.4900
      -5.4900   -5.4900   -5.4900   -5.4900   -5.4900   -5.4900   -5.4900
      -5.4900   -5.4900   -5.4900   -5.4900   -5.4900   -5.4900   -5.4900
      -5.4900   -5.4900   -5.4900   -4.7799   -4.7798   -4.1489   -4.1489
      -4.0145   -3.7861   -3.6748   -3.6748   -3.6523   -3.6453   -3.6453
      -3.6356   -3.6355   -3.5977   -3.5977   -3.4759   -3.4758   -3.3380
      -3.3380   -3.0796   -3.0796   -2.8213   -2.8213   -2.7510   -2.1853
      -2.1853   -1.5635   -1.5635   -1.2614    1.2614    1.5635    1.5635
       2.1853    2.1853    2.7510    2.8213    2.8213    3.0796    3.0796
       3.3380    3.3380    3.4758    3.4759    3.5977    3.5977    3.6355
       3.6356    3.6453    3.6453    3.6523    3.6748    3.6748    3.7861
       4.0145    4.1489    4.1489    4.7798    4.7799    5.7646    5.7646
       6.6485    6.6486    7.2342    7.2342    7.4376

 KPT     4 ,   K =   0.02994   0.00000   0.00000
      -7.4358   -7.2323   -7.2323   -6.6468   -6.6467   -5.7630   -5.7630
      -5.4900   -5.4900   -5.4900   -5.4900   -5.4900   -5.4900   -5.4900
      -5.4900   -5.4900   -5.4900   -5.4900   -5.4900   -5.4900   -5.4900
      -5.4900   -5.4900   -5.4900   -5.4900   -5.4900   -5.4900   -5.4900
      -5.4900   -5.4900   -5.4900   -4.7786   -4.7785   -4.1485   -4.1485
      -4.0144   -3.7861   -3.6779   -3.6779   -3.6513   -3.6414   -3.6414
      -3.6360   -3.6359   -3.5977   -3.5977   -3.4755   -3.4755   -3.3367
      -3.3367   -3.0782   -3.0782   -2.8203   -2.8203   -2.7491   -2.1845
      -2.1845   -1.5627   -1.5627   -1.2606    1.2606    1.5627    1.5627
       2.1845    2.1845    2.7491    2.8203    2.8203    3.0782    3.0782
       3.3367    3.3367    3.4755    3.4755    3.5977    3.5977    3.6359
       3.6360    3.6414    3.6414    3.6513    3.6779    3.6779    3.7861
       4.0144    4.1485    4.1485    4.7785    4.7786    5.7630    5.7630
       6.6467    6.6468    7.2323    7.2323    7.4358

 KPT     5 ,   K =   0.03992   0.00000   0.00000
      -7.4331   -7.2297   -7.2297   -6.6443   -6.6443   -5.7607   -5.7607
      -5.4900   -5.4900   -5.4900   -5.4900   -5.4900   -5.4900   -5.4900
      -5.4900   -5.4900   -5.4900   -5.4900   -5.4900   -5.4900   -5.4900
      -5.4900   -5.4900   -5.4900   -5.4900   -5.4900   -5.4900   -5.4900
      -5.4900   -5.4900   -5.4900   -4.7768   -4.7767   -4.1479   -4.1479
      -4.0142   -3.7861   -3.6813   -3.6813   -3.6500   -3.6367   -3.6367
      -3.6365   -3.6365   -3.5978   -3.5977   -3.4750   -3.4749   -3.3349
      -3.3349   -3.0762   -3.0762   -2.8190   -2.8190   -2.7465   -2.1834
      -2.1834   -1.5617   -1.5617   -1.2595    1.2595    1.5617    1.5617
       2.1834    2.1834    2.7465    2.8190    2.8190    3.0762    3.0762
       3.3349    3.3349    3.4749    3.4750    3.5977    3.5978    3.6365
       3.6365    3.6367    3.6367    3.6500    3.6813    3.6813    3.7861
       4.0142    4.1479    4.1479    4.7767    4.7768    5.7607    5.7607
       6.6443    6.6443    7.2297    7.2297    7.4331
    6       -7.4297   -7.2263   -7.2263   -6.6411   -6.6410   ...     7.4297
    7       -7.4244   -7.2211   -7.2211   -6.6361   -6.6360   ...     7.4244
    8       -7.4150   -7.2119   -7.2119   -6.6272   -6.6272   ...     7.4150
    9       -7.4015   -7.1985   -7.1985   -6.6144   -6.6143   ...     7.4015
   10       -7.3849   -7.1822   -7.1822   -6.5988   -6.5987   ...     7.3849
   11       -7.3654   -7.1629   -7.1629   -6.5803   -6.5803   ...     7.3654
   12       -7.3429   -7.1407   -7.1407   -6.5591   -6.5590   ...     7.3429
   13       -7.3174   -7.1156   -7.1156   -6.5350   -6.5350   ...     7.3174
   14       -7.2890   -7.0876   -7.0876   -6.5082   -6.5082   ...     7.2890
   15       -7.2577   -7.0568   -7.0568   -6.4787   -6.4786   ...     7.2577
   16       -7.2235   -7.0230   -7.0230   -6.4464   -6.4464   ...     7.2235
   17       -7.1864   -6.9865   -6.9865   -6.4115   -6.4114   ...     7.1864
   18       -7.1464   -6.9471   -6.9471   -6.3739   -6.3738   ...     7.1464
   19       -7.1036   -6.9049   -6.9049   -6.3336   -6.3336   ...     7.1036
   20       -7.0580   -6.8600   -6.8600   -6.2907   -6.2907   ...     7.0580
   21       -7.0096   -6.8124   -6.8124   -6.2453   -6.2453   ...     7.0096
   22       -6.9585   -6.7620   -6.7620   -6.1973   -6.1973   ...     6.9585
   23       -6.9047   -6.7090   -6.7090   -6.1469   -6.1468   ...     6.9047
   24       -6.8482   -6.6534   -6.6534   -6.0940   -6.0939   ...     6.8482
   25       -6.7890   -6.5952   -6.5952   -6.0387   -6.0386   ...     6.7890
   26       -6.7273   -6.5345   -6.5345   -5.9810   -5.9809   ...     6.7273
   27       -6.6630   -6.4713   -6.4713   -5.9210   -5.9209   ...     6.6630
   28       -6.5962   -6.4056   -6.4056   -5.8587   -5.8587   ...     6.5962
   29       -6.5269   -6.3375   -6.3375   -5.7943   -5.7942   ...     6.5269
   30       -6.4552   -6.2671   -6.2670   -5.7277   -5.7276   ...     6.4552
   31       -6.3812   -6.1943   -6.1943   -5.6589   -5.6589   ...     6.3812
   32       -6.3048   -6.1193   -6.1193   -5.5882   -5.5882   ...     6.3048
   33       -6.2262   -6.0421   -6.0421   -5.5155   -5.5155   ...     6.2262
   34       -6.1453   -5.9628   -5.9627   -5.4900   -5.4900   ...     6.1453
   35       -6.0624   -5.8813   -5.8813   -5.4900   -5.4900   ...     6.0624
   36       -5.9773   -5.7979   -5.7979   -5.4900   -5.4900   ...     5.9773
   37       -5.8902   -5.7126   -5.7126   -5.4900   -5.4900   ...     5.8902
   38       -5.8013   -5.6254   -5.6253   -5.4900   -5.4900   ...     5.8013
   39       -5.7104   -5.5363   -5.5363   -5.4900   -5.4900   ...     5.7104
   40       -5.6178   -5.4900   -5.4900   -5.4900   -5.4900   ...     5.6178
   41       -5.5235   -5.4900   -5.4900   -5.4900   -5.4900   ...     5.5235
   42       -5.4900   -5.4900   -5.4900   -5.4900   -5.4900   ...     5.4277
   43       -5.4900   -5.4900   -5.4900   -5.4900   -5.4900   ...     5.3304
   44       -5.4900   -5.4900   -5.4900   -5.4900   -5.4900   ...     5.2317
   45       -5.4900   -5.4900   -5.4900   -5.4900   -5.4900   ...     5.1320
   46       -5.4900   -5.4900   -5.4900   -5.4900   -5.4900   ...     5.0313
   47       -5.4900   -5.4900   -5.4900   -5.4900   -5.4900   ...     4.9298
   48       -5.4900   -5.4900   -5.4900   -5.4900   -5.4900   ...     4.8280
   49       -5.4900   -5.4900   -5.4900   -5.4900   -5.4900   ...     4.7261
   50       -5.4900   -5.4900   -5.4900   -5.4900   -5.4900   ...     4.6248
   51       -5.4900   -5.4900   -5.4900   -5.4900   -5.4900   ...     4.5248
   52       -5.4900   -5.4900   -5.4900   -5.4900   -5.4900   ...     4.4273
   53       -5.4900   -5.4900   -5.4900   -5.4900   -5.4900   ...     4.3338
   54       -5.4900   -5.4900   -5.4900   -5.4900   -5.4900   ...     4.2464
   55       -5.4900   -5.4900   -5.4900   -5.4900   -5.4900   ...     4.1680
   56       -5.4900   -5.4900   -5.4900   -5.4900   -5.4900   ...     4.1013
   57       -5.4900   -5.4900   -5.4900   -5.4900   -5.4900   ...     4.0478
   58       -5.4900   -5.4900   -5.4900   -5.4900   -5.4900   ...     4.0071
   59       -5.4900   -5.4900   -5.4900   -5.4900   -5.4900   ...     3.9772
   60       -5.4900   -5.4900   -5.4900   -5.4900   -5.4900   ...     3.9555
   61       -5.4900   -5.4900   -5.4900   -5.4900   -5.4900   ...     3.9396
   62       -5.4900   -5.4900   -5.4900   -5.4900   -5.4900   ...     3.9280
   63       -5.4900   -5.4900   -5.4900   -5.4900   -5.4900   ...     3.9194
   64       -5.4900   -5.4900   -5.4900   -5.4900   -5.4900   ...     3.9129
   65       -5.4900   -5.4900   -5.4900   -5.4900   -5.4900   ...     3.9086
   66       -5.4900   -5.4900   -5.4900   -5.4900   -5.4900   ...     3.9058
   67       -5.4900   -5.4900   -5.4900   -5.4900   -5.4900   ...     3.9045
   68       -5.4900   -5.4900   -5.4900   -5.4900   -5.4900   ...     3.9030
   69       -5.4900   -5.4900   -5.4900   -5.4900   -5.4900   ...     3.9018
   70       -5.4900   -5.4900   -5.4900   -5.4900   -5.4900   ...     3.9007
   71       -5.4900   -5.4900   -5.4900   -5.4900   -5.4900   ...     3.8999
